--------------------
./configure --static
Tue Apr 28 08:25:56 PM CDT 2026
=== ztest1871264.c ===
extern int getchar();
int hello() {return getchar();}
===
/home/legacyindieradio/TaterTOS64/tools/host/bin/x86_64-elf-gcc -c ztest1871264.c
... using gcc

Checking for obsessive-compulsive compiler options...
=== ztest1871264.c ===
int foo() { return 0; }
===
/home/legacyindieradio/TaterTOS64/tools/host/bin/x86_64-elf-gcc -c -ffreestanding -O2 -I/home/legacyindieradio/TaterTOS64/src/user/libc -I/home/legacyindieradio/TaterTOS64/src/include ztest1871264.c

Building static library libz.a version 1.3.1 with /home/legacyindieradio/TaterTOS64/tools/host/bin/x86_64-elf-gcc.

=== ztest1871264.c ===
#include <stdio.h>
#include <stdlib.h>
size_t dummy = 0;
===
/home/legacyindieradio/TaterTOS64/tools/host/bin/x86_64-elf-gcc -c -ffreestanding -O2 -I/home/legacyindieradio/TaterTOS64/src/user/libc -I/home/legacyindieradio/TaterTOS64/src/include ztest1871264.c
Checking for size_t... Yes.

=== ztest1871264.c ===
#include <sys/types.h>
off64_t dummy = 0;
===
/home/legacyindieradio/TaterTOS64/tools/host/bin/x86_64-elf-gcc -c -ffreestanding -O2 -I/home/legacyindieradio/TaterTOS64/src/user/libc -I/home/legacyindieradio/TaterTOS64/src/include -D_LARGEFILE64_SOURCE=1 ztest1871264.c
ztest1871264.c:2:1: error: unknown type name 'off64_t'; did you mean 'off_t'?
    2 | off64_t dummy = 0;
      | ^~~~~~~
      | off_t
(exit code 1)
Checking for off64_t... No.

=== ztest1871264.c ===
#include <stdio.h>
int main(void) {
  fseeko(NULL, 0, 0);
  return 0;
}
===
/home/legacyindieradio/TaterTOS64/tools/host/bin/x86_64-elf-gcc -ffreestanding -O2 -I/home/legacyindieradio/TaterTOS64/src/user/libc -I/home/legacyindieradio/TaterTOS64/src/include -o ztest1871264 ztest1871264.c
ztest1871264.c: In function 'main':
ztest1871264.c:3:3: error: implicit declaration of function 'fseeko'; did you mean 'fseek'? [-Wimplicit-function-declaration]
    3 |   fseeko(NULL, 0, 0);
      |   ^~~~~~
      |   fseek
(exit code 1)
Checking for fseeko... No.

=== ztest1871264.c ===
#include <string.h>
#include <errno.h>
int main() { return strlen(strerror(errno)); }
===
/home/legacyindieradio/TaterTOS64/tools/host/bin/x86_64-elf-gcc -ffreestanding -O2 -I/home/legacyindieradio/TaterTOS64/src/user/libc -I/home/legacyindieradio/TaterTOS64/src/include -DNO_FSEEKO -o ztest1871264 ztest1871264.c
/usr/bin/x86_64-elf-ld: cannot find crt0.o: No such file or directory
/usr/bin/x86_64-elf-ld: cannot find -lc: No such file or directory
collect2: error: ld returned 1 exit status
(exit code 1)
Checking for strerror... No.

=== ztest1871264.c ===
#include <unistd.h>
int main() { return 0; }
===
/home/legacyindieradio/TaterTOS64/tools/host/bin/x86_64-elf-gcc -c -ffreestanding -O2 -I/home/legacyindieradio/TaterTOS64/src/user/libc -I/home/legacyindieradio/TaterTOS64/src/include -DNO_FSEEKO -DNO_STRERROR ztest1871264.c
Checking for unistd.h... Yes.

=== ztest1871264.c ===
#include <stdarg.h>
int main() { return 0; }
===
/home/legacyindieradio/TaterTOS64/tools/host/bin/x86_64-elf-gcc -c -ffreestanding -O2 -I/home/legacyindieradio/TaterTOS64/src/user/libc -I/home/legacyindieradio/TaterTOS64/src/include -DNO_FSEEKO -DNO_STRERROR ztest1871264.c
Checking for stdarg.h... Yes.

=== ztest1871264.c ===
#include <stdio.h>
#include <stdarg.h>
#include "zconf.h"
int main()
{
#ifndef STDC
  choke me
#endif
  return 0;
}
===
/home/legacyindieradio/TaterTOS64/tools/host/bin/x86_64-elf-gcc -c -ffreestanding -O2 -I/home/legacyindieradio/TaterTOS64/src/user/libc -I/home/legacyindieradio/TaterTOS64/src/include -DNO_FSEEKO -DNO_STRERROR ztest1871264.c
Checking whether to use vs[n]printf() or s[n]printf()... using vs[n]printf().

=== ztest1871264.c ===
#include <stdio.h>
#include <stdarg.h>
int mytest(const char *fmt, ...)
{
  char buf[20];
  va_list ap;
  va_start(ap, fmt);
  vsnprintf(buf, sizeof(buf), fmt, ap);
  va_end(ap);
  return 0;
}
int main()
{
  return (mytest("Hello%d\n", 1));
}
===
/home/legacyindieradio/TaterTOS64/tools/host/bin/x86_64-elf-gcc -ffreestanding -O2 -I/home/legacyindieradio/TaterTOS64/src/user/libc -I/home/legacyindieradio/TaterTOS64/src/include -DNO_FSEEKO -DNO_STRERROR -o ztest1871264 ztest1871264.c
/usr/bin/x86_64-elf-ld: cannot find crt0.o: No such file or directory
/usr/bin/x86_64-elf-ld: cannot find -lc: No such file or directory
collect2: error: ld returned 1 exit status
(exit code 1)
Checking for vsnprintf() in stdio.h... No.
  WARNING: vsnprintf() not found, falling back to vsprintf(). zlib
  can build but will be open to possible buffer-overflow security
  vulnerabilities.

=== ztest1871264.c ===
#include <stdio.h>
#include <stdarg.h>
int mytest(const char *fmt, ...)
{
  int n;
  char buf[20];
  va_list ap;
  va_start(ap, fmt);
  n = vsprintf(buf, fmt, ap);
  va_end(ap);
  return n;
}
int main()
{
  return (mytest("Hello%d\n", 1));
}
===
/home/legacyindieradio/TaterTOS64/tools/host/bin/x86_64-elf-gcc -c -ffreestanding -O2 -I/home/legacyindieradio/TaterTOS64/src/user/libc -I/home/legacyindieradio/TaterTOS64/src/include -DNO_FSEEKO -DNO_STRERROR -DNO_vsnprintf ztest1871264.c
ztest1871264.c: In function 'mytest':
ztest1871264.c:9:7: error: implicit declaration of function 'vsprintf'; did you mean 'vfprintf'? [-Wimplicit-function-declaration]
    9 |   n = vsprintf(buf, fmt, ap);
      |       ^~~~~~~~
      |       vfprintf
(exit code 1)
Checking for return value of vsprintf()... No.
  WARNING: apparently vsprintf() does not return a value. zlib
  can build but will be open to possible string-format security
  vulnerabilities.

=== ztest1871264.c ===
#define ZLIB_INTERNAL __attribute__((visibility ("hidden")))
int ZLIB_INTERNAL foo;
int main()
{
  return 0;
}
===
/home/legacyindieradio/TaterTOS64/tools/host/bin/x86_64-elf-gcc -c -ffreestanding -O2 -I/home/legacyindieradio/TaterTOS64/src/user/libc -I/home/legacyindieradio/TaterTOS64/src/include -DNO_FSEEKO -DNO_STRERROR -DNO_vsnprintf -DHAS_vsprintf_void ztest1871264.c
Checking for attribute(visibility) support... Yes.

ALL = static
AR = ar
ARFLAGS = rc
CC = /home/legacyindieradio/TaterTOS64/tools/host/bin/x86_64-elf-gcc
CFLAGS = -ffreestanding -O2 -I/home/legacyindieradio/TaterTOS64/src/user/libc -I/home/legacyindieradio/TaterTOS64/src/include -DNO_FSEEKO -DNO_STRERROR -DNO_vsnprintf -DHAS_vsprintf_void -DHAVE_HIDDEN
CPP =
EXE =
LDCONFIG = ldconfig
LDFLAGS =
LDSHARED = /home/legacyindieradio/TaterTOS64/tools/host/bin/x86_64-elf-gcc
LDSHAREDLIBC = -lc
OBJC = $(OBJZ) $(OBJG)
PIC_OBJC = $(PIC_OBJZ) $(PIC_OBJG)
RANLIB = ranlib
SFLAGS = -ffreestanding -O2 -I/home/legacyindieradio/TaterTOS64/src/user/libc -I/home/legacyindieradio/TaterTOS64/src/include -fPIC -DNO_FSEEKO -DNO_STRERROR -DNO_vsnprintf -DHAS_vsprintf_void -DHAVE_HIDDEN
SHAREDLIB =
SHAREDLIBM =
SHAREDLIBV =
STATICLIB = libz.a
TEST = all teststatic
VER = 1.3.1
SRCDIR =
exec_prefix = ${prefix}
includedir = ${prefix}/include
libdir = ${exec_prefix}/lib
mandir = ${prefix}/share/man
prefix = /usr/local
sharedlibdir = ${libdir}
uname = Linux
--------------------


--------------------
./configure --static
Tue Apr 28 08:32:37 PM CDT 2026
=== ztest1874762.c ===
extern int getchar();
int hello() {return getchar();}
===
/home/legacyindieradio/TaterTOS64/tools/host/bin/x86_64-elf-gcc -c ztest1874762.c
... using gcc

Checking for obsessive-compulsive compiler options...
=== ztest1874762.c ===
int foo() { return 0; }
===
/home/legacyindieradio/TaterTOS64/tools/host/bin/x86_64-elf-gcc -c -ffreestanding -O2 -I/home/legacyindieradio/TaterTOS64/src/user/libc -I/home/legacyindieradio/TaterTOS64/src/include ztest1874762.c

Building static library libz.a version 1.3.1 with /home/legacyindieradio/TaterTOS64/tools/host/bin/x86_64-elf-gcc.

=== ztest1874762.c ===
#include <stdio.h>
#include <stdlib.h>
size_t dummy = 0;
===
/home/legacyindieradio/TaterTOS64/tools/host/bin/x86_64-elf-gcc -c -ffreestanding -O2 -I/home/legacyindieradio/TaterTOS64/src/user/libc -I/home/legacyindieradio/TaterTOS64/src/include ztest1874762.c
Checking for size_t... Yes.

=== ztest1874762.c ===
#include <sys/types.h>
off64_t dummy = 0;
===
/home/legacyindieradio/TaterTOS64/tools/host/bin/x86_64-elf-gcc -c -ffreestanding -O2 -I/home/legacyindieradio/TaterTOS64/src/user/libc -I/home/legacyindieradio/TaterTOS64/src/include -D_LARGEFILE64_SOURCE=1 ztest1874762.c
ztest1874762.c:2:1: error: unknown type name 'off64_t'; did you mean 'off_t'?
    2 | off64_t dummy = 0;
      | ^~~~~~~
      | off_t
(exit code 1)
Checking for off64_t... No.

=== ztest1874762.c ===
#include <stdio.h>
int main(void) {
  fseeko(NULL, 0, 0);
  return 0;
}
===
/home/legacyindieradio/TaterTOS64/tools/host/bin/x86_64-elf-gcc -ffreestanding -O2 -I/home/legacyindieradio/TaterTOS64/src/user/libc -I/home/legacyindieradio/TaterTOS64/src/include -o ztest1874762 ztest1874762.c
ztest1874762.c: In function 'main':
ztest1874762.c:3:3: error: implicit declaration of function 'fseeko'; did you mean 'fseek'? [-Wimplicit-function-declaration]
    3 |   fseeko(NULL, 0, 0);
      |   ^~~~~~
      |   fseek
(exit code 1)
Checking for fseeko... No.

=== ztest1874762.c ===
#include <string.h>
#include <errno.h>
int main() { return strlen(strerror(errno)); }
===
/home/legacyindieradio/TaterTOS64/tools/host/bin/x86_64-elf-gcc -ffreestanding -O2 -I/home/legacyindieradio/TaterTOS64/src/user/libc -I/home/legacyindieradio/TaterTOS64/src/include -DNO_FSEEKO -o ztest1874762 ztest1874762.c
/usr/bin/x86_64-elf-ld: cannot find crt0.o: No such file or directory
/usr/bin/x86_64-elf-ld: cannot find -lc: No such file or directory
collect2: error: ld returned 1 exit status
(exit code 1)
Checking for strerror... No.

=== ztest1874762.c ===
#include <unistd.h>
int main() { return 0; }
===
/home/legacyindieradio/TaterTOS64/tools/host/bin/x86_64-elf-gcc -c -ffreestanding -O2 -I/home/legacyindieradio/TaterTOS64/src/user/libc -I/home/legacyindieradio/TaterTOS64/src/include -DNO_FSEEKO -DNO_STRERROR ztest1874762.c
Checking for unistd.h... Yes.

=== ztest1874762.c ===
#include <stdarg.h>
int main() { return 0; }
===
/home/legacyindieradio/TaterTOS64/tools/host/bin/x86_64-elf-gcc -c -ffreestanding -O2 -I/home/legacyindieradio/TaterTOS64/src/user/libc -I/home/legacyindieradio/TaterTOS64/src/include -DNO_FSEEKO -DNO_STRERROR ztest1874762.c
Checking for stdarg.h... Yes.

=== ztest1874762.c ===
#include <stdio.h>
#include <stdarg.h>
#include "zconf.h"
int main()
{
#ifndef STDC
  choke me
#endif
  return 0;
}
===
/home/legacyindieradio/TaterTOS64/tools/host/bin/x86_64-elf-gcc -c -ffreestanding -O2 -I/home/legacyindieradio/TaterTOS64/src/user/libc -I/home/legacyindieradio/TaterTOS64/src/include -DNO_FSEEKO -DNO_STRERROR ztest1874762.c
Checking whether to use vs[n]printf() or s[n]printf()... using vs[n]printf().

=== ztest1874762.c ===
#include <stdio.h>
#include <stdarg.h>
int mytest(const char *fmt, ...)
{
  char buf[20];
  va_list ap;
  va_start(ap, fmt);
  vsnprintf(buf, sizeof(buf), fmt, ap);
  va_end(ap);
  return 0;
}
int main()
{
  return (mytest("Hello%d\n", 1));
}
===
/home/legacyindieradio/TaterTOS64/tools/host/bin/x86_64-elf-gcc -ffreestanding -O2 -I/home/legacyindieradio/TaterTOS64/src/user/libc -I/home/legacyindieradio/TaterTOS64/src/include -DNO_FSEEKO -DNO_STRERROR -o ztest1874762 ztest1874762.c
/usr/bin/x86_64-elf-ld: cannot find crt0.o: No such file or directory
/usr/bin/x86_64-elf-ld: cannot find -lc: No such file or directory
collect2: error: ld returned 1 exit status
(exit code 1)
Checking for vsnprintf() in stdio.h... No.
  WARNING: vsnprintf() not found, falling back to vsprintf(). zlib
  can build but will be open to possible buffer-overflow security
  vulnerabilities.

=== ztest1874762.c ===
#include <stdio.h>
#include <stdarg.h>
int mytest(const char *fmt, ...)
{
  int n;
  char buf[20];
  va_list ap;
  va_start(ap, fmt);
  n = vsprintf(buf, fmt, ap);
  va_end(ap);
  return n;
}
int main()
{
  return (mytest("Hello%d\n", 1));
}
===
/home/legacyindieradio/TaterTOS64/tools/host/bin/x86_64-elf-gcc -c -ffreestanding -O2 -I/home/legacyindieradio/TaterTOS64/src/user/libc -I/home/legacyindieradio/TaterTOS64/src/include -DNO_FSEEKO -DNO_STRERROR -DNO_vsnprintf ztest1874762.c
Checking for return value of vsprintf()... Yes.

=== ztest1874762.c ===
#define ZLIB_INTERNAL __attribute__((visibility ("hidden")))
int ZLIB_INTERNAL foo;
int main()
{
  return 0;
}
===
/home/legacyindieradio/TaterTOS64/tools/host/bin/x86_64-elf-gcc -c -ffreestanding -O2 -I/home/legacyindieradio/TaterTOS64/src/user/libc -I/home/legacyindieradio/TaterTOS64/src/include -DNO_FSEEKO -DNO_STRERROR -DNO_vsnprintf ztest1874762.c
Checking for attribute(visibility) support... Yes.

ALL = static
AR = ar
ARFLAGS = rc
CC = /home/legacyindieradio/TaterTOS64/tools/host/bin/x86_64-elf-gcc
CFLAGS = -ffreestanding -O2 -I/home/legacyindieradio/TaterTOS64/src/user/libc -I/home/legacyindieradio/TaterTOS64/src/include -DNO_FSEEKO -DNO_STRERROR -DNO_vsnprintf -DHAVE_HIDDEN
CPP =
EXE =
LDCONFIG = ldconfig
LDFLAGS =
LDSHARED = /home/legacyindieradio/TaterTOS64/tools/host/bin/x86_64-elf-gcc
LDSHAREDLIBC = -lc
OBJC = $(OBJZ) $(OBJG)
PIC_OBJC = $(PIC_OBJZ) $(PIC_OBJG)
RANLIB = ranlib
SFLAGS = -ffreestanding -O2 -I/home/legacyindieradio/TaterTOS64/src/user/libc -I/home/legacyindieradio/TaterTOS64/src/include -fPIC -DNO_FSEEKO -DNO_STRERROR -DNO_vsnprintf -DHAVE_HIDDEN
SHAREDLIB =
SHAREDLIBM =
SHAREDLIBV =
STATICLIB = libz.a
TEST = all teststatic
VER = 1.3.1
SRCDIR =
exec_prefix = ${prefix}
includedir = ${prefix}/include
libdir = ${exec_prefix}/lib
mandir = ${prefix}/share/man
prefix = /usr/local
sharedlibdir = ${libdir}
uname = Linux
--------------------


