[2J[01;01H[=3h[2J[01;01H[2J[01;01H[=3h[2J[01;01H[2J[01;01H[=3h[2J[01;01HBdsDxe: loading Boot0001 "UEFI QEMU DVD-ROM QM00005 " from PciRoot(0x0)/Pci(0x1F,0x2)/Sata(0x2,0xFFFF,0x0)
BdsDxe: starting Boot0001 "UEFI QEMU DVD-ROM QM00005 " from PciRoot(0x0)/Pci(0x1F,0x2)/Sata(0x2,0xFFFF,0x0)
EFI: start
EFI: build 2026-03-04-dell-nvme-scan

TATER EFI: start
TATER EFI: build 2026-03-04-dell-nvme-scan
TATER EFI: LI ok
TATER EFI: SFS ok
TATER EFI: volume ok
TATER EFI: kernel ok
TATER EFI: kbuf=0x000000007DCEE000 ksz=0x000000000008D4E0
TATER EFI: elf loaded
TATER EFI: entry resolved
TATER EFI: GOP ok
EFI: fry pass1 found=6
EFI: ramdisk built
TATER EFI: ramdisk built
TATER EFI: handoff mmap size
TATER EFI: handoff mmap alloc
TATER EFI: handoff mmap get
TATER EFI: handoff ExitBS
TATER EFI: handoff ExitBS retry
TATER EFI E14 mmap retry
