This file contains any messages produced by compilers while
running configure, to aid debugging if configure makes a mistake.

It was created by libjpeg configure 9.5.0, which was
generated by GNU Autoconf 2.71.  Invocation command line was

  $ ./configure --host=x86_64-elf --disable-shared --enable-static

## --------- ##
## Platform. ##
## --------- ##

hostname = legacyindieradio-precision7530
uname -m = x86_64
uname -r = 6.19.12-zen1-1-zen
uname -s = Linux
uname -v = #1 ZEN SMP PREEMPT_DYNAMIC Sat, 11 Apr 2026 22:36:16 +0000

/usr/bin/uname -p = unknown
/bin/uname -X     = unknown

/bin/arch              = unknown
/usr/bin/arch -k       = unknown
/usr/convex/getsysinfo = unknown
/usr/bin/hostinfo      = unknown
/bin/machine           = unknown
/usr/bin/oslevel       = unknown
/bin/universe          = unknown

PATH: /home/legacyindieradio/.local/bin/
PATH: /home/legacyindieradio/.npm-global/bin/
PATH: /usr/local/sbin/
PATH: /usr/local/bin/
PATH: /usr/bin/
PATH: /usr/bin/site_perl/
PATH: /usr/bin/vendor_perl/
PATH: /usr/bin/core_perl/


## ----------- ##
## Core tests. ##
## ----------- ##

configure:2459: looking for aux files: ltmain.sh ar-lib compile missing install-sh config.guess config.sub
configure:2472:  trying ././
configure:2501:   ././ltmain.sh found
configure:2501:   ././ar-lib found
configure:2501:   ././compile found
configure:2501:   ././missing found
configure:2483:   ././install-sh found
configure:2501:   ././config.guess found
configure:2501:   ././config.sub found
configure:2631: checking build system type
configure:2646: result: x86_64-pc-linux-gnu
configure:2666: checking host system type
configure:2680: result: x86_64-pc-elf
configure:2700: checking target system type
configure:2714: result: x86_64-pc-elf
configure:2760: checking for a BSD-compatible install
configure:2833: result: /usr/bin/install -c
configure:2844: checking whether build environment is sane
configure:2899: result: yes
configure:2955: checking for x86_64-elf-strip
configure:2976: found /usr/bin/x86_64-elf-strip
configure:2987: result: x86_64-elf-strip
configure:3058: checking for a race-free mkdir -p
configure:3102: result: /usr/bin/mkdir -p
configure:3109: checking for gawk
configure:3130: found /usr/bin/gawk
configure:3141: result: gawk
configure:3152: checking whether make sets $(MAKE)
configure:3175: result: yes
configure:3205: checking whether make supports nested variables
configure:3223: result: yes
configure:3375: checking whether make supports nested variables
configure:3393: result: yes
configure:3409: checking whether to enable maintainer-specific portions of Makefiles
configure:3419: result: no
configure:3451: checking for x86_64-elf-gcc
configure:3483: result: /home/legacyindieradio/TaterTOS64/tools/host/bin/x86_64-elf-gcc
configure:3881: checking for C compiler version
configure:3890: /home/legacyindieradio/TaterTOS64/tools/host/bin/x86_64-elf-gcc --version >&5
x86_64-elf-gcc (GCC) 15.2.0
Copyright (C) 2025 Free Software Foundation, Inc.
This is free software; see the source for copying conditions.  There is NO
warranty; not even for MERCHANTABILITY or FITNESS FOR A PARTICULAR PURPOSE.

configure:3901: $? = 0
configure:3890: /home/legacyindieradio/TaterTOS64/tools/host/bin/x86_64-elf-gcc -v >&5
Using built-in specs.
COLLECT_GCC=/usr/bin/x86_64-elf-gcc
COLLECT_LTO_WRAPPER=/usr/lib/gcc/x86_64-elf/15.2.0/lto-wrapper
Target: x86_64-elf
Configured with: /home/legacyindieradio/.cache/paru/clone/x86_64-elf-gcc/src/gcc-15.2.0/configure --prefix=/usr --disable-nls --disable-plugin --target=x86_64-elf --libexecdir=/usr/lib --enable-languages=c,c++ --without-headers --with-bugurl=https://aur.archlinux.org/packages/x86_64-elf-gcc/
Thread model: single
Supported LTO compression algorithms: zlib zstd
gcc version 15.2.0 (GCC) 
configure:3901: $? = 0
configure:3890: /home/legacyindieradio/TaterTOS64/tools/host/bin/x86_64-elf-gcc -V >&5
x86_64-elf-gcc: error: unrecognized command-line option '-V'
x86_64-elf-gcc: fatal error: no input files
compilation terminated.
configure:3901: $? = 1
configure:3890: /home/legacyindieradio/TaterTOS64/tools/host/bin/x86_64-elf-gcc -qversion >&5
x86_64-elf-gcc: error: unrecognized command-line option '-qversion'; did you mean '--version'?
x86_64-elf-gcc: fatal error: no input files
compilation terminated.
configure:3901: $? = 1
configure:3890: /home/legacyindieradio/TaterTOS64/tools/host/bin/x86_64-elf-gcc -version >&5
x86_64-elf-gcc: error: unrecognized command-line option '-version'
x86_64-elf-gcc: fatal error: no input files
compilation terminated.
configure:3901: $? = 1
configure:3921: checking whether the C compiler works
configure:3943: /home/legacyindieradio/TaterTOS64/tools/host/bin/x86_64-elf-gcc -ffreestanding -O2 -I/home/legacyindieradio/TaterTOS64/src/user/libc -I/home/legacyindieradio/TaterTOS64/src/include   conftest.c  >&5
/usr/bin/x86_64-elf-ld: cannot find crt0.o: No such file or directory
/usr/bin/x86_64-elf-ld: cannot find -lc: No such file or directory
collect2: error: ld returned 1 exit status
configure:3947: $? = 1
configure:3987: result: no
configure: failed program was:
| /* confdefs.h */
| #define PACKAGE_NAME "libjpeg"
| #define PACKAGE_TARNAME "libjpeg"
| #define PACKAGE_VERSION "9.5.0"
| #define PACKAGE_STRING "libjpeg 9.5.0"
| #define PACKAGE_BUGREPORT ""
| #define PACKAGE_URL ""
| #define PACKAGE "libjpeg"
| #define VERSION "9.5.0"
| /* end confdefs.h.  */
| 
| int
| main (void)
| {
| 
|   ;
|   return 0;
| }
configure:3992: error: in `/home/legacyindieradio/TaterTOS64/src/user/ports/jpeg-9e':
configure:3994: error: C compiler cannot create executables
See `config.log' for more details

## ---------------- ##
## Cache variables. ##
## ---------------- ##

ac_cv_build=x86_64-pc-linux-gnu
ac_cv_env_CC_set=set
ac_cv_env_CC_value=/home/legacyindieradio/TaterTOS64/tools/host/bin/x86_64-elf-gcc
ac_cv_env_CFLAGS_set=set
ac_cv_env_CFLAGS_value='-ffreestanding -O2 -I/home/legacyindieradio/TaterTOS64/src/user/libc -I/home/legacyindieradio/TaterTOS64/src/include'
ac_cv_env_CPPFLAGS_set=
ac_cv_env_CPPFLAGS_value=
ac_cv_env_CPP_set=
ac_cv_env_CPP_value=
ac_cv_env_LDFLAGS_set=
ac_cv_env_LDFLAGS_value=
ac_cv_env_LIBS_set=
ac_cv_env_LIBS_value=
ac_cv_env_LT_SYS_LIBRARY_PATH_set=
ac_cv_env_LT_SYS_LIBRARY_PATH_value=
ac_cv_env_build_alias_set=
ac_cv_env_build_alias_value=
ac_cv_env_host_alias_set=set
ac_cv_env_host_alias_value=x86_64-elf
ac_cv_env_target_alias_set=
ac_cv_env_target_alias_value=
ac_cv_host=x86_64-pc-elf
ac_cv_path_install='/usr/bin/install -c'
ac_cv_path_mkdir=/usr/bin/mkdir
ac_cv_prog_AWK=gawk
ac_cv_prog_CC=/home/legacyindieradio/TaterTOS64/tools/host/bin/x86_64-elf-gcc
ac_cv_prog_STRIP=x86_64-elf-strip
ac_cv_prog_make_make_set=yes
ac_cv_target=x86_64-pc-elf
am_cv_make_support_nested_variables=yes

## ----------------- ##
## Output variables. ##
## ----------------- ##

ACLOCAL='${SHELL} '\''/home/legacyindieradio/TaterTOS64/src/user/ports/jpeg-9e/missing'\'' aclocal-1.16'
AMDEPBACKSLASH=''
AMDEP_FALSE=''
AMDEP_TRUE=''
AMTAR='$${TAR-tar}'
AM_BACKSLASH='\'
AM_DEFAULT_V='$(AM_DEFAULT_VERBOSITY)'
AM_DEFAULT_VERBOSITY='0'
AM_V='$(V)'
AR=''
AS=''
AUTOCONF='${SHELL} '\''/home/legacyindieradio/TaterTOS64/src/user/ports/jpeg-9e/missing'\'' autoconf'
AUTOHEADER='echo autoheader ignored'
AUTOMAKE='${SHELL} '\''/home/legacyindieradio/TaterTOS64/src/user/ports/jpeg-9e/missing'\'' automake-1.16'
AWK='gawk'
CC='/home/legacyindieradio/TaterTOS64/tools/host/bin/x86_64-elf-gcc'
CCDEPMODE=''
CFLAGS='-ffreestanding -O2 -I/home/legacyindieradio/TaterTOS64/src/user/libc -I/home/legacyindieradio/TaterTOS64/src/include'
CPP=''
CPPFLAGS=''
CSCOPE='cscope'
CTAGS='ctags'
CYGPATH_W='echo'
DEFS=''
DEPDIR=''
DLLTOOL=''
DSYMUTIL=''
DUMPBIN=''
ECHO_C=''
ECHO_N='-n'
ECHO_T=''
EGREP=''
ETAGS='etags'
EXEEXT=''
FGREP=''
GREP=''
HAVE_LD_VERSION_SCRIPT_FALSE=''
HAVE_LD_VERSION_SCRIPT_TRUE=''
INSTALL_DATA='${INSTALL} -m 644'
INSTALL_PROGRAM='${INSTALL}'
INSTALL_SCRIPT='${INSTALL}'
INSTALL_STRIP_PROGRAM='$(install_sh) -c -s'
JPEG_LIB_VERSION=''
JPEG_LIB_VERSION_MAJOR=''
JPEG_LIB_VERSION_MINOR=''
LD=''
LDFLAGS=''
LIBOBJS=''
LIBS=''
LIBTOOL=''
LIPO=''
LN_S=''
LTLIBOBJS=''
LT_SYS_LIBRARY_PATH=''
MAINT='#'
MAINTAINER_MODE_FALSE=''
MAINTAINER_MODE_TRUE='#'
MAKEINFO='${SHELL} '\''/home/legacyindieradio/TaterTOS64/src/user/ports/jpeg-9e/missing'\'' makeinfo'
MANIFEST_TOOL=''
MEMORYMGR=''
MKDIR_P='/usr/bin/mkdir -p'
NM=''
NMEDIT=''
OBJDUMP=''
OBJEXT=''
OTOOL64=''
OTOOL=''
PACKAGE='libjpeg'
PACKAGE_BUGREPORT=''
PACKAGE_NAME='libjpeg'
PACKAGE_STRING='libjpeg 9.5.0'
PACKAGE_TARNAME='libjpeg'
PACKAGE_URL=''
PACKAGE_VERSION='9.5.0'
PATH_SEPARATOR=':'
RANLIB=''
SED=''
SET_MAKE=''
SHELL='/bin/sh'
STRIP='x86_64-elf-strip'
VERSION='9.5.0'
ac_ct_AR=''
ac_ct_CC=''
ac_ct_DUMPBIN=''
am__EXEEXT_FALSE=''
am__EXEEXT_TRUE=''
am__fastdepCC_FALSE=''
am__fastdepCC_TRUE=''
am__include=''
am__isrc=''
am__leading_dot='.'
am__nodep=''
am__quote=''
am__tar='$${TAR-tar} chof - "$$tardir"'
am__untar='$${TAR-tar} xf -'
bindir='${exec_prefix}/bin'
build='x86_64-pc-linux-gnu'
build_alias=''
build_cpu='x86_64'
build_os='linux-gnu'
build_vendor='pc'
datadir='${datarootdir}'
datarootdir='${prefix}/share'
docdir='${datarootdir}/doc/${PACKAGE_TARNAME}'
dvidir='${docdir}'
exec_prefix='NONE'
host='x86_64-pc-elf'
host_alias='x86_64-elf'
host_cpu='x86_64'
host_os='elf'
host_vendor='pc'
htmldir='${docdir}'
includedir='${prefix}/include'
infodir='${datarootdir}/info'
install_sh='${SHELL} /home/legacyindieradio/TaterTOS64/src/user/ports/jpeg-9e/install-sh'
libdir='${exec_prefix}/lib'
libexecdir='${exec_prefix}/libexec'
localedir='${datarootdir}/locale'
localstatedir='${prefix}/var'
mandir='${datarootdir}/man'
mkdir_p='$(MKDIR_P)'
oldincludedir='/usr/include'
pdfdir='${docdir}'
prefix='NONE'
program_transform_name='s,x,x,'
psdir='${docdir}'
runstatedir='${localstatedir}/run'
sbindir='${exec_prefix}/sbin'
sharedstatedir='${prefix}/com'
sysconfdir='${prefix}/etc'
target='x86_64-pc-elf'
target_alias=''
target_cpu='x86_64'
target_os='elf'
target_vendor='pc'

## ----------- ##
## confdefs.h. ##
## ----------- ##

/* confdefs.h */
#define PACKAGE_NAME "libjpeg"
#define PACKAGE_TARNAME "libjpeg"
#define PACKAGE_VERSION "9.5.0"
#define PACKAGE_STRING "libjpeg 9.5.0"
#define PACKAGE_BUGREPORT ""
#define PACKAGE_URL ""
#define PACKAGE "libjpeg"
#define VERSION "9.5.0"

configure: exit 77
