[2J[01;01H[=3h[2J[01;01H[2J[01;01H[=3h[2J[01;01H[2J[01;01H[=3h[2J[01;01HBdsDxe: loading Boot0001 "UEFI QEMU DVD-ROM QM00005 " from PciRoot(0x0)/Pci(0x1F,0x2)/Sata(0x2,0xFFFF,0x0)
BdsDxe: starting Boot0001 "UEFI QEMU DVD-ROM QM00005 " from PciRoot(0x0)/Pci(0x1F,0x2)/Sata(0x2,0xFFFF,0x0)

TATER EFI: start
TATER EFI: build 2026-03-04-dell-nvme-scan
TATER EFI: LI ok
TATER EFI: SFS ok
TATER EFI: volume ok
TATER EFI: kernel ok
TATER EFI: kbuf=0x000000007DB36000 ksz=0x000000000023E5E0
TATER EFI: elf loaded
TATER EFI: entry resolved
TATER EFI: GOP ok
TATER EFI: ramdisk built
TATER EFI: handoff mmap size
TATER EFI: handoff mmap alloc
TATER EFI: handoff mapbuf=0x000000007D7A5000 entry=0x00000000020000AB
TATER EFI: handoff ExitBS
VMM_00_ENTER
VMM_01_PML4
VMM_02_IDENT
VMM_03_PHYSMAP
VMM_04_KERNEL
VMM_05_STACK
VMM_06_FB
VMM_07_MMIO
VMM_08_CR3_WRITE
VMM_09_CR3_DONE
VMM_10_READY
PMM_AFTER_RELOC meta=0000000002C48000 page_meta=FFFF800002C48000 free_next=FFFF800002CC7E78 free_heads=FFFF8000030C7230 head=000000000007D600
K_HEAP_ENTER
PMM_AT_HEAP meta=0000000002C48000 page_meta=FFFF800002C48000 free_next=FFFF800002CC7E78 free_heads=FFFF8000030C7230 head=000000000007D600
K_HEAP_OK
RrrcCxSsEeLlNVMe: controller not found
DBG_VFS entry=VMFAULT.RUN
DBG_VFS entry=VMFAULT.FRY
K_FIRST_SWITCH
K_FIRST_USER
K_FIRST_TICK
K_FIRST_USER_SYSCALL
K_INIT_SYSCALL
init: pid=2
SPAWN_ENTER path=/apps/VMTEST.FRY
SPAWN_OK path=/apps/VMTEST.FRY pid=5
init: autotest vmtest path=/apps/VMTEST.FRY pid=5
ACPI: ECDT not found (len=0)
ACPI: P2SB unhide failed via CF8, using SBREG_BAR_DEFAULT 0xfd000000
ACPI: espi_clear_errors[0]: LPC mode (not eSPI), skip
ACPI: EC all candidates failed, EC not available
ACPI: eSPI PID cand=0x72 CFG_VAL=00000000 invalid
ACPI: eSPI PID cand=0xc7 CFG_VAL=00000000 invalid
ACPI: eSPI PID cand=0x6e CFG_VAL=00000000 invalid
vmtest: phase-one ok
