[2J[001;001H[=3h[2J[001;001H[2J[001;001H[8;042;160t[2J[001;001H[2J[001;001H[8;056;240t[2J[001;001HBdsDxe: loading Boot0002 "UEFI QEMU DVD-ROM QM00005 " from PciRoot(0x0)/Pci(0x1F,0x2)/Sata(0x2,0xFFFF,0x0)
BdsDxe: starting Boot0002 "UEFI QEMU DVD-ROM QM00005 " from PciRoot(0x0)/Pci(0x1F,0x2)/Sata(0x2,0xFFFF,0x0)

TATER EFI: start
TATER EFI: build 2026-03-04-dell-nvme-scan
TATER EFI: LI ok
TATER EFI: SFS ok
TATER EFI: volume ok
TATER EFI: kernel ok
TATER EFI: kbuf=0x000000007DE13000 ksz=0x000000000024F0A8
TATER EFI: elf loaded
TATER EFI: entry resolved
TATER EFI: GOP ok
TATER EFI: ramdisk built
TATER EFI: handoff mmap size
TATER EFI: handoff mmap alloc
TATER EFI: handoff mapbuf=0x000000007E06A000 entry=0x00000000020000AB
TATER EFI: handoff ExitBS
RrrcCxSsEeLlNVMe: controller not found
B:NET
I219: not found on PCI bus
E1000: not found (scanned 6 PCI devs)
NET:NONIC
selftest: running
selftest: 77 passed, 0 failed
K_AP_SCHED cpu=1
init: pid=3
init: running smoketest...
ACPI: ECDT not found (len=0)
ACPI: P2SB unhide failed via CF8, using SBREG_BAR_DEFAULT 0xfd000000
ACPI: espi_clear_errors[0]: LPC mode (not eSPI), skip
ACPI: EC all candidates failed, EC not available
ACPI: eSPI PID cand=0x72 CFG_VAL=00000000 invalid
ACPI: eSPI PID cand=0xc7 CFG_VAL=00000000 invalid
ACPI: eSPI PID cand=0x6e CFG_VAL=00000000 invalid
SPAWN_OK path=/apps/SMOKETEST.FRY pid=8 parent=3

===================================
  TaterTOS64v3 syscall smoke test
===================================

  pipe2(O_NONBLOCK)                ... PASS
  pipe2(O_CLOEXEC)                 ... FAIL: FD_CLOEXEC not set on read end
  pipe2(invalid flags)             ... PASS
  dup3(O_CLOEXEC)                  ... FAIL: FD_CLOEXEC not set
  dup3(oldfd==newfd)               ... PASS
  socketpair(AF_UNIX, SOCK_STREAM) ... 