[2J[01;01H[=3h[2J[01;01H[2J[01;01H[=3h[2J[01;01H[2J[01;01H[=3h[2J[01;01HBdsDxe: loading Boot0001 "UEFI QEMU DVD-ROM QM00005 " from PciRoot(0x0)/Pci(0x1F,0x2)/Sata(0x2,0xFFFF,0x0)
BdsDxe: starting Boot0001 "UEFI QEMU DVD-ROM QM00005 " from PciRoot(0x0)/Pci(0x1F,0x2)/Sata(0x2,0xFFFF,0x0)

TATER EFI: start
TATER EFI: build 2026-03-04-dell-nvme-scan
TATER EFI: LI ok
TATER EFI: SFS ok
TATER EFI: volume ok
TATER EFI: kernel ok
TATER EFI: kbuf=0x000000007DB48000 ksz=0x00000000002364B0
TATER EFI: elf loaded
TATER EFI: entry resolved
TATER EFI: GOP ok
TATER EFI: ramdisk built
TATER EFI: handoff mmap size
TATER EFI: handoff mmap alloc
TATER EFI: handoff mapbuf=0x000000007D7D2000 entry=0x00000000020000AB
TATER EFI: handoff ExitBS
VMM_00_ENTER
VMM_01_PML4
VMM_02_IDENT
VMM_03_PHYSMAP
VMM_04_KERNEL
VMM_05_STACK
VMM_06_FB
VMM_07_MMIO
VMM_08_CR3_WRITE
VMM_09_CR3_DONE
VMM_10_READY
PMM_AFTER_RELOC meta=0000000002C40000 page_meta=FFFF800002C40000 free_next=FFFF800002CBFE68 free_heads=FFFF8000030BF1A0 head=000000000007D600
K_HEAP_ENTER
PMM_AT_HEAP meta=0000000002C40000 page_meta=FFFF800002C40000 free_next=FFFF800002CBFE68 free_heads=FFFF8000030BF1A0 head=000000000007D600
K_HEAP_OK
RrrcCxSsEeLl