[2J[01;01H[=3h[2J[01;01H[2J[01;01H[=3h[2J[01;01H[2J[01;01H[=3h[2J[01;01HBdsDxe: loading Boot0001 "UEFI QEMU DVD-ROM QM00005 " from PciRoot(0x0)/Pci(0x1F,0x2)/Sata(0x2,0xFFFF,0x0)
BdsDxe: starting Boot0001 "UEFI QEMU DVD-ROM QM00005 " from PciRoot(0x0)/Pci(0x1F,0x2)/Sata(0x2,0xFFFF,0x0)
EFI: start
EFI: build 2026-03-04-dell-nvme-scan

TATER EFI: start
TATER EFI: build 2026-03-04-dell-nvme-scan
TATER EFI: LI ok
TATER EFI: SFS ok
TATER EFI: volume ok
TATER EFI: kernel ok
TATER EFI: kbuf=0x000000007DF36000 ksz=0x0000000000091628
TATER EFI: elf loaded
TATER EFI: entry resolved
TATER EFI: GOP ok
EFI: fry pass1 found=6
EFI: ramdisk built
TATER EFI: ramdisk built
TATER EFI: handoff mmap size
TATER EFI: handoff mmap alloc
TATER EFI: handoff mapbuf=0x000000007DED7000 entry=0x00000000020000AB
TATER EFI: handoff ExitBS
EFI: ExitBS enter mapbuf=0x000000007DED7000 entry=0x00000000020000AB
EFI: ExitBS attempt 0
EFI: ExitBS key=0x000000000000096B map_sz=0x0000000000001830 desc_sz=0x0000000000000030
EFI: ExitBS ok
EFI: jump kernel
K_START
K_BUILD 2026-03-04-fry531-rollback
K_GDT_IDT
K_TSS
K_PMM
