[2J[01;01H[=3h[2J[01;01H[2J[01;01H[=3h[2J[01;01H[2J[01;01H[=3h[2J[01;01HBdsDxe: loading Boot0001 "UEFI QEMU DVD-ROM QM00005 " from PciRoot(0x0)/Pci(0x1F,0x2)/Sata(0x2,0xFFFF,0x0)
BdsDxe: starting Boot0001 "UEFI QEMU DVD-ROM QM00005 " from PciRoot(0x0)/Pci(0x1F,0x2)/Sata(0x2,0xFFFF,0x0)
EFI: start
EFI: build 2026-03-04-dell-nvme-scan

TATER EFI: start
TATER EFI: build 2026-03-04-dell-nvme-scan
TATER EFI: LI ok
TATER EFI: SFS ok
TATER EFI: volume ok
TATER EFI: kernel ok
TATER EFI: kbuf=0x000000007DF35000 ksz=0x00000000000926C0
TATER EFI: elf loaded
TATER EFI: entry resolved
TATER EFI: GOP ok
EFI: fry pass1 found=6
EFI: ramdisk built
TATER EFI: ramdisk built
TATER EFI: handoff mmap size
TATER EFI: handoff mmap alloc
TATER EFI: handoff mapbuf=0x000000007DED6000 entry=0x00000000020000AB
TATER EFI: handoff ExitBS
EFI: ExitBS enter mapbuf=0x000000007DED6000 entry=0x00000000020000AB
EFI: ExitBS attempt 0
EFI: ExitBS key=0x000000000000096B map_sz=0x0000000000001830 desc_sz=0x0000000000000030
EFI: ExitBS ok
EFI: jump kernel
K_START
K_BUILD 2026-03-04-fry531-rollback
K_GDT_IDT
K_TSS
K_PMM
VMM_00_ENTER
VMM_01_PML4
VMM_02_IDENT
VMM_03_PHYSMAP
VMM_04_KERNEL
VMM_05_STACK
VMM_06_FB
VMM_07_MMIO
VMM_08_CR3_WRITE
VMM_09_CR3_DONE
VMM_10_READY
K_PMM_RELOCATE_BEGIN
K_PMM_RELOCATE_END
K_VMM
K_STACK_SWITCH_CALL
K_AFTER_VMM_ENTRY
SPK_HEAP_ENTER
!EXC vec=000000000000000E err=0000000000000000 RIP=FFFFFFFF800046A2 CS=0000000000000008 RF=0000000000000006 CR2=0000000600001000 CR3=0000000002238000
KERNEL PANIC: unhandled kernel page fault
