[2J[01;01H[=3h[2J[01;01H[2J[01;01H[=3h[2J[01;01H[2J[01;01H[=3h[2J[01;01HBdsDxe: loading Boot0001 "UEFI QEMU DVD-ROM QM00005 " from PciRoot(0x0)/Pci(0x1F,0x2)/Sata(0x2,0xFFFF,0x0)
BdsDxe: starting Boot0001 "UEFI QEMU DVD-ROM QM00005 " from PciRoot(0x0)/Pci(0x1F,0x2)/Sata(0x2,0xFFFF,0x0)
EFI: start
EFI: build 2026-02-26-vfsprobe2

TATER EFI: start
TATER EFI: build 2026-02-26-vfsprobe2
TATER EFI: LI ok
TATER EFI: SFS ok
TATER EFI: volume ok
TATER EFI: kernel ok
TATER EFI: kbuf=0x000000007D851000 ksz=0x0000000000081F98
TATER EFI: elf loaded
TATER EFI: entry resolved
TATER EFI: GOP ok
EFI: fry pass1 found=5
EFI: ramdisk built
TATER EFI: ramdisk built
K_START
K_BUILD 2026-02-26-vfsprobe2
K_GDT_IDT
K_TSS
K_PMM
K_VMM
SPK_HEAP_ENTER
K_HEAP_OK
TRrrcCxSsEeLltMmFfGgACPI: ECDT not found (len=0)
ACPI: P2SB unhide failed via CF8, using SBREG_BAR_DEFAULT 0xfd000000
ACPI: espi_clear_errors[0]: LPC mode (not eSPI), skip
ACPI: EC probe failed all candidates (last=0x6c/0x68 step=sts_ff sts=0xff)
ACPI: EC probe failed all candidates (last=0x6c/0x68 step=sts_ff sts=0xff)
ACPI: EC probe failed all candidates (last=0x6c/0x68 step=sts_ff sts=0xff)
ACPI: espi_clear_errors[1]: LPC mode (not eSPI), skip
ACPI: EC probe failed all candidates (last=0x6c/0x68 step=sts_ff sts=0xff)
ACPI: EC cand[0] src=fallback probe=FAIL (all methods exhausted)
ACPI: EC all candidates failed, EC not available
ACPI: eSPI PID cand=0x72 CFG_VAL=00000000 invalid
ACPI: eSPI PID cand=0xc7 CFG_VAL=00000000 invalid
ACPI: eSPI PID cand=0x6e CFG_VAL=00000000 invalid
