This file contains any messages produced by compilers while
running configure, to aid debugging if configure makes a mistake.

It was created by FreeType configure 2.13.2, which was
generated by GNU Autoconf 2.71.  Invocation command line was

  $ ./configure --host=x86_64-elf --without-zlib --without-bzip2 --without-png --without-harfbuzz --without-brotli --disable-shared --enable-static

## --------- ##
## Platform. ##
## --------- ##

hostname = legacyindieradio-precision7530
uname -m = x86_64
uname -r = 6.19.12-zen1-1-zen
uname -s = Linux
uname -v = #1 ZEN SMP PREEMPT_DYNAMIC Sat, 11 Apr 2026 22:36:16 +0000

/usr/bin/uname -p = unknown
/bin/uname -X     = unknown

/bin/arch              = unknown
/usr/bin/arch -k       = unknown
/usr/convex/getsysinfo = unknown
/usr/bin/hostinfo      = unknown
/bin/machine           = unknown
/usr/bin/oslevel       = unknown
/bin/universe          = unknown

PATH: /home/legacyindieradio/.local/bin/
PATH: /home/legacyindieradio/.npm-global/bin/
PATH: /usr/local/sbin/
PATH: /usr/local/bin/
PATH: /usr/bin/
PATH: /usr/bin/site_perl/
PATH: /usr/bin/vendor_perl/
PATH: /usr/bin/core_perl/


## ----------- ##
## Core tests. ##
## ----------- ##

configure:2581: looking for aux files: install-sh ltmain.sh config.guess config.sub
configure:2594:  trying ./
configure:2605:   ./install-sh found
configure:2623:   ./ltmain.sh found
configure:2623:   ./config.guess found
configure:2623:   ./config.sub found
configure:2754: checking build system type
configure:2769: result: x86_64-pc-linux-gnu
configure:2789: checking host system type
configure:2803: result: x86_64-pc-elf
configure:2844: checking for x86_64-elf-gcc
configure:2876: result: /home/legacyindieradio/TaterTOS64/tools/host/bin/x86_64-elf-gcc
configure:3274: checking for C compiler version
configure:3283: /home/legacyindieradio/TaterTOS64/tools/host/bin/x86_64-elf-gcc --version >&5
x86_64-elf-gcc (GCC) 15.2.0
Copyright (C) 2025 Free Software Foundation, Inc.
This is free software; see the source for copying conditions.  There is NO
warranty; not even for MERCHANTABILITY or FITNESS FOR A PARTICULAR PURPOSE.

configure:3294: $? = 0
configure:3283: /home/legacyindieradio/TaterTOS64/tools/host/bin/x86_64-elf-gcc -v >&5
Using built-in specs.
COLLECT_GCC=/usr/bin/x86_64-elf-gcc
COLLECT_LTO_WRAPPER=/usr/lib/gcc/x86_64-elf/15.2.0/lto-wrapper
Target: x86_64-elf
Configured with: /home/legacyindieradio/.cache/paru/clone/x86_64-elf-gcc/src/gcc-15.2.0/configure --prefix=/usr --disable-nls --disable-plugin --target=x86_64-elf --libexecdir=/usr/lib --enable-languages=c,c++ --without-headers --with-bugurl=https://aur.archlinux.org/packages/x86_64-elf-gcc/
Thread model: single
Supported LTO compression algorithms: zlib zstd
gcc version 15.2.0 (GCC) 
configure:3294: $? = 0
configure:3283: /home/legacyindieradio/TaterTOS64/tools/host/bin/x86_64-elf-gcc -V >&5
x86_64-elf-gcc: error: unrecognized command-line option '-V'
x86_64-elf-gcc: fatal error: no input files
compilation terminated.
configure:3294: $? = 1
configure:3283: /home/legacyindieradio/TaterTOS64/tools/host/bin/x86_64-elf-gcc -qversion >&5
x86_64-elf-gcc: error: unrecognized command-line option '-qversion'; did you mean '--version'?
x86_64-elf-gcc: fatal error: no input files
compilation terminated.
configure:3294: $? = 1
configure:3283: /home/legacyindieradio/TaterTOS64/tools/host/bin/x86_64-elf-gcc -version >&5
x86_64-elf-gcc: error: unrecognized command-line option '-version'
x86_64-elf-gcc: fatal error: no input files
compilation terminated.
configure:3294: $? = 1
configure:3314: checking whether the C compiler works
configure:3336: /home/legacyindieradio/TaterTOS64/tools/host/bin/x86_64-elf-gcc -ffreestanding -O2 -I/home/legacyindieradio/TaterTOS64/src/user/libc -I/home/legacyindieradio/TaterTOS64/src/include -I/home/legacyindieradio/TaterTOS64/external/include  -L/home/legacyindieradio/TaterTOS64/external/lib conftest.c  >&5
/usr/bin/x86_64-elf-ld: cannot find crt0.o: No such file or directory
/usr/bin/x86_64-elf-ld: cannot find -lc: No such file or directory
collect2: error: ld returned 1 exit status
configure:3340: $? = 1
configure:3380: result: no
configure: failed program was:
| /* confdefs.h */
| #define PACKAGE_NAME "FreeType"
| #define PACKAGE_TARNAME "freetype"
| #define PACKAGE_VERSION "2.13.2"
| #define PACKAGE_STRING "FreeType 2.13.2"
| #define PACKAGE_BUGREPORT "freetype@nongnu.org"
| #define PACKAGE_URL ""
| /* end confdefs.h.  */
| 
| int
| main (void)
| {
| 
|   ;
|   return 0;
| }
configure:3385: error: in `/home/legacyindieradio/TaterTOS64/src/user/ports/freetype-2.13.2/builds/unix':
configure:3387: error: C compiler cannot create executables
See `config.log' for more details

## ---------------- ##
## Cache variables. ##
## ---------------- ##

ac_cv_build=x86_64-pc-linux-gnu
ac_cv_env_BROTLI_CFLAGS_set=
ac_cv_env_BROTLI_CFLAGS_value=
ac_cv_env_BROTLI_LIBS_set=
ac_cv_env_BROTLI_LIBS_value=
ac_cv_env_BZIP2_CFLAGS_set=
ac_cv_env_BZIP2_CFLAGS_value=
ac_cv_env_BZIP2_LIBS_set=
ac_cv_env_BZIP2_LIBS_value=
ac_cv_env_CC_set=set
ac_cv_env_CC_value=/home/legacyindieradio/TaterTOS64/tools/host/bin/x86_64-elf-gcc
ac_cv_env_CFLAGS_set=set
ac_cv_env_CFLAGS_value='-ffreestanding -O2 -I/home/legacyindieradio/TaterTOS64/src/user/libc -I/home/legacyindieradio/TaterTOS64/src/include -I/home/legacyindieradio/TaterTOS64/external/include'
ac_cv_env_CPPFLAGS_set=
ac_cv_env_CPPFLAGS_value=
ac_cv_env_CPP_set=
ac_cv_env_CPP_value=
ac_cv_env_HARFBUZZ_CFLAGS_set=
ac_cv_env_HARFBUZZ_CFLAGS_value=
ac_cv_env_HARFBUZZ_LIBS_set=
ac_cv_env_HARFBUZZ_LIBS_value=
ac_cv_env_LDFLAGS_set=set
ac_cv_env_LDFLAGS_value=-L/home/legacyindieradio/TaterTOS64/external/lib
ac_cv_env_LIBPNG_CFLAGS_set=
ac_cv_env_LIBPNG_CFLAGS_value=
ac_cv_env_LIBPNG_LIBS_set=
ac_cv_env_LIBPNG_LIBS_value=
ac_cv_env_LIBRSVG_CFLAGS_set=
ac_cv_env_LIBRSVG_CFLAGS_value=
ac_cv_env_LIBRSVG_LIBS_set=
ac_cv_env_LIBRSVG_LIBS_value=
ac_cv_env_LIBS_set=
ac_cv_env_LIBS_value=
ac_cv_env_LT_SYS_LIBRARY_PATH_set=
ac_cv_env_LT_SYS_LIBRARY_PATH_value=
ac_cv_env_PKG_CONFIG_LIBDIR_set=
ac_cv_env_PKG_CONFIG_LIBDIR_value=
ac_cv_env_PKG_CONFIG_PATH_set=
ac_cv_env_PKG_CONFIG_PATH_value=
ac_cv_env_PKG_CONFIG_set=
ac_cv_env_PKG_CONFIG_value=
ac_cv_env_ZLIB_CFLAGS_set=
ac_cv_env_ZLIB_CFLAGS_value=
ac_cv_env_ZLIB_LIBS_set=
ac_cv_env_ZLIB_LIBS_value=
ac_cv_env_build_alias_set=
ac_cv_env_build_alias_value=
ac_cv_env_host_alias_set=set
ac_cv_env_host_alias_value=x86_64-elf
ac_cv_env_target_alias_set=
ac_cv_env_target_alias_value=
ac_cv_host=x86_64-pc-elf
ac_cv_prog_CC=/home/legacyindieradio/TaterTOS64/tools/host/bin/x86_64-elf-gcc

## ----------------- ##
## Output variables. ##
## ----------------- ##

AR=''
AS=''
AWK=''
BROTLI_CFLAGS=''
BROTLI_LIBS=''
BZIP2_CFLAGS=''
BZIP2_LIBS=''
CC='/home/legacyindieradio/TaterTOS64/tools/host/bin/x86_64-elf-gcc'
CC_BUILD=''
CFLAGS='-ffreestanding -O2 -I/home/legacyindieradio/TaterTOS64/src/user/libc -I/home/legacyindieradio/TaterTOS64/src/include -I/home/legacyindieradio/TaterTOS64/external/include'
CPP=''
CPPFLAGS=''
DEFS=''
DLLTOOL=''
DSYMUTIL=''
DUMPBIN=''
ECHO_C=''
ECHO_N='-n'
ECHO_T=''
EGREP=''
EXEEXT=''
EXEEXT_BUILD=''
FGREP=''
FILECMD=''
FTSYS_SRC=''
FT_DEMO_CFLAGS=''
FT_DEMO_LDFLAGS=''
GREP=''
HARFBUZZ_CFLAGS=''
HARFBUZZ_LIBS=''
INSTALL_DATA=''
INSTALL_FT2_CONFIG=''
INSTALL_PROGRAM=''
INSTALL_SCRIPT=''
LD=''
LDFLAGS='-L/home/legacyindieradio/TaterTOS64/external/lib'
LIBOBJS=''
LIBPNG_CFLAGS=''
LIBPNG_LIBS=''
LIBRSVG_CFLAGS=''
LIBRSVG_LIBS=''
LIBS=''
LIBSSTATIC_CONFIG=''
LIBTOOL=''
LIPO=''
LN_S=''
LTLIBOBJS=''
LT_SYS_LIBRARY_PATH=''
MANIFEST_TOOL=''
MKDIR_P=''
NM=''
NMEDIT=''
OBJDUMP=''
OBJEXT=''
OTOOL64=''
OTOOL=''
PACKAGE_BUGREPORT='freetype@nongnu.org'
PACKAGE_NAME='FreeType'
PACKAGE_STRING='FreeType 2.13.2'
PACKAGE_TARNAME='freetype'
PACKAGE_URL=''
PACKAGE_VERSION='2.13.2'
PATH_SEPARATOR=':'
PKGCONFIG_LIBS=''
PKGCONFIG_LIBS_PRIVATE=''
PKGCONFIG_REQUIRES=''
PKGCONFIG_REQUIRES_PRIVATE=''
PKG_CONFIG=''
PKG_CONFIG_LIBDIR=''
PKG_CONFIG_PATH=''
PTHREAD_CC=''
PTHREAD_CFLAGS=''
PTHREAD_CXX=''
PTHREAD_LIBS=''
PYTHON=''
PYTHON_VERSION=''
RANLIB=''
RC=''
SED=''
SHELL='/bin/sh'
STRIP=''
SYSTEM_ZLIB=''
XX_ANSIFLAGS=''
XX_CFLAGS=''
ZLIB_CFLAGS=''
ZLIB_LIBS=''
ac_ct_AR=''
ac_ct_CC=''
ac_ct_DUMPBIN=''
ax_pthread_config=''
bindir='${exec_prefix}/bin'
build='x86_64-pc-linux-gnu'
build_alias=''
build_cpu='x86_64'
build_libtool_libs=''
build_os='linux-gnu'
build_vendor='pc'
datadir='${datarootdir}'
datarootdir='${prefix}/share'
docdir='${datarootdir}/doc/${PACKAGE_TARNAME}'
dvidir='${docdir}'
exec_prefix='NONE'
ft_version='26.1.20'
ftmac_c=''
hardcode_libdir_flag_spec=''
have_libpng=''
host='x86_64-pc-elf'
host_alias='x86_64-elf'
host_cpu='x86_64'
host_os='elf'
host_vendor='pc'
htmldir='${docdir}'
includedir='${prefix}/include'
infodir='${datarootdir}/info'
libdir='${exec_prefix}/lib'
libexecdir='${exec_prefix}/libexec'
localedir='${datarootdir}/locale'
localstatedir='${prefix}/var'
mandir='${datarootdir}/man'
oldincludedir='/usr/include'
pdfdir='${docdir}'
prefix='NONE'
program_transform_name='s,x,x,'
psdir='${docdir}'
runstatedir='${localstatedir}/run'
sbindir='${exec_prefix}/sbin'
sharedstatedir='${prefix}/com'
sysconfdir='${prefix}/etc'
target=''
target_alias=''
target_cpu=''
target_os=''
target_vendor=''
version_info='26:1:20'
wl=''

## ----------- ##
## confdefs.h. ##
## ----------- ##

/* confdefs.h */
#define PACKAGE_NAME "FreeType"
#define PACKAGE_TARNAME "freetype"
#define PACKAGE_VERSION "2.13.2"
#define PACKAGE_STRING "FreeType 2.13.2"
#define PACKAGE_BUGREPORT "freetype@nongnu.org"
#define PACKAGE_URL ""

configure: exit 77
